\BOOKMARK [1][]{section.1}{\376\377\000I\000n\000t\000r\000o\000d\000u\000c\000t\000i\000o\000n}{}% 1
\BOOKMARK [1][]{section.2}{\376\377\000R\000e\000s\000u\000l\000t\000s}{}% 2
\BOOKMARK [2][]{subsection.2.1}{\376\377\000S\000u\000b\000s\000e\000c\000t\000i\000o\000n}{section.2}% 3
\BOOKMARK [3][]{subsubsection.2.1.1}{\376\377\000S\000u\000b\000s\000u\000b\000s\000e\000c\000t\000i\000o\000n}{subsection.2.1}% 4
\BOOKMARK [2][]{subsection.2.2}{\376\377\000F\000i\000g\000u\000r\000e\000s\000,\000\040\000T\000a\000b\000l\000e\000s\000\040\000a\000n\000d\000\040\000S\000c\000h\000e\000m\000e\000s}{section.2}% 5
\BOOKMARK [2][]{subsection.2.3}{\376\377\000F\000o\000r\000m\000a\000t\000t\000i\000n\000g\000\040\000o\000f\000\040\000M\000a\000t\000h\000e\000m\000a\000t\000i\000c\000a\000l\000\040\000C\000o\000m\000p\000o\000n\000e\000n\000t\000s}{section.2}% 6
\BOOKMARK [1][]{section.3}{\376\377\000D\000i\000s\000c\000u\000s\000s\000i\000o\000n}{}% 7
\BOOKMARK [1][]{section.4}{\376\377\000M\000a\000t\000e\000r\000i\000a\000l\000s\000\040\000a\000n\000d\000\040\000M\000e\000t\000h\000o\000d\000s}{}% 8
\BOOKMARK [2][]{subsection.4.1}{\376\377\000A\000c\000o\000u\000s\000t\000i\000c\000\040\000F\000e\000a\000t\000u\000r\000e\000s}{section.4}% 9
\BOOKMARK [3][]{subsubsection.4.1.1}{\376\377\000T\000i\000m\000e\000\040\000D\000i\000f\000f\000e\000r\000e\000n\000c\000e\000\040\000o\000f\000\040\000A\000r\000r\000i\000v\000a\000l}{subsection.4.1}% 10
\BOOKMARK [3][]{subsubsection.4.1.2}{\376\377\000R\000o\000o\000m\000\040\000I\000m\000p\000u\000l\000s\000e\000\040\000R\000e\000s\000p\000o\000n\000s\000e\000\040\000a\000n\000d\000\040\000R\000o\000o\000m\000\040\000T\000r\000a\000n\000s\000f\000e\000r\000\040\000F\000u\000n\000c\000t\000i\000o\000n}{subsection.4.1}% 11
\BOOKMARK [3][]{subsubsection.4.1.3}{\376\377\000S\000t\000e\000e\000r\000e\000d\000\040\000R\000e\000s\000p\000o\000n\000s\000e\000\040\000P\000o\000w\000e\000r}{subsection.4.1}% 12
\BOOKMARK [3][]{subsubsection.4.1.4}{\376\377\000P\000r\000o\000p\000e\000r\000t\000i\000e\000s\000\040\000o\000f\000\040\000a\000c\000o\000u\000s\000t\000i\000c\000\040\000f\000e\000a\000t\000u\000r\000e\000s}{subsection.4.1}% 13
\BOOKMARK [2][]{subsection.4.2}{\376\377\000A\000c\000o\000u\000s\000t\000i\000c\000\040\000f\000e\000a\000t\000u\000r\000e\000\040\000a\000c\000q\000u\000i\000s\000i\000t\000i\000o\000n}{section.4}% 14
\BOOKMARK [3][]{subsubsection.4.2.1}{\376\377\000U\000n\000l\000a\000b\000e\000l\000e\000d\000\040\000d\000a\000t\000a\000s\000e\000t}{subsection.4.2}% 15
\BOOKMARK [3][]{subsubsection.4.2.2}{\376\377\000L\000a\000b\000e\000l\000e\000d\000\040\000d\000a\000t\000a\000s\000e\000t}{subsection.4.2}% 16
\BOOKMARK [2][]{subsection.4.3}{\376\377\000A\000u\000d\000i\000o\000\040\000s\000i\000g\000n\000a\000l\000\040\000f\000r\000a\000m\000i\000n\000g}{section.4}% 17
\BOOKMARK [2][]{subsection.4.4}{\376\377\000A\000c\000o\000u\000s\000t\000i\000c\000\040\000f\000e\000a\000t\000u\000r\000e\000s\000\040\000s\000e\000l\000e\000c\000t\000i\000o\000n\000\040\000\050\000t\000h\000r\000e\000s\000h\000o\000l\000d\000i\000n\000g\000\051}{section.4}% 18
\BOOKMARK [3][]{subsubsection.4.4.1}{\376\377\000T\000r\000a\000i\000n\000i\000n\000g\000/\000t\000e\000s\000t\000i\000n\000g\000\040\000d\000a\000t\000a\000s\000e\000t\000\040\000s\000p\000l\000i\000t}{subsection.4.4}% 19
\BOOKMARK [2][]{subsection.4.5}{\376\377\000A\000c\000o\000u\000s\000t\000i\000c\000\040\000m\000a\000n\000i\000f\000o\000l\000d\000\040\000e\000m\000b\000e\000d\000d\000i\000n\000g\000\040\000l\000e\000a\000r\000n\000i\000n\000g}{section.4}% 20
\BOOKMARK [3][]{subsubsection.4.5.1}{\376\377\000I\000S\000O\000M\000A\000P\000\040\000e\000m\000b\000e\000d\000d\000i\000n\000g}{subsection.4.5}% 21
\BOOKMARK [2][]{subsection.4.6}{\376\377\000G\000r\000a\000p\000h\000\040\000d\000a\000t\000a\000s\000e\000t}{section.4}% 22
\BOOKMARK [3][]{subsubsection.4.6.1}{\376\377\000D\000a\000t\000a\000s\000e\000t\000\040\000p\000r\000e\000p\000r\000o\000c\000e\000s\000s\000i\000n\000g}{subsection.4.6}% 23
\BOOKMARK [3][]{subsubsection.4.6.2}{\376\377\000A\000f\000f\000i\000n\000i\000t\000y\000\040\000m\000a\000t\000r\000i\000x\000\040\000c\000a\000l\000c\000u\000l\000a\000t\000i\000o\000n}{subsection.4.6}% 24
\BOOKMARK [3][]{subsubsection.4.6.3}{\376\377\000N\000e\000i\000g\000h\000b\000o\000r\000\040\000s\000a\000m\000p\000l\000e\000s\000\040\000a\000n\000d\000\040\000n\000e\000i\000g\000h\000b\000o\000r\000\040\000s\000a\000m\000p\000l\000e\000\040\000w\000e\000i\000g\000h\000t\000s}{subsection.4.6}% 25
\BOOKMARK [3][]{subsubsection.4.6.4}{\376\377\000L\000a\000b\000e\000l\000e\000d\000/\000u\000n\000l\000a\000b\000e\000l\000e\000d\000\040\000s\000a\000m\000p\000l\000e\000\040\000m\000a\000r\000k\000i\000n\000g}{subsection.4.6}% 26
\BOOKMARK [3][]{subsubsection.4.6.5}{\376\377\000L\000a\000b\000e\000l\000e\000d\000\040\000s\000a\000m\000p\000l\000e\000s\000\040\000r\000e\000p\000e\000t\000i\000t\000i\000o\000n}{subsection.4.6}% 27
\BOOKMARK [2][]{subsection.4.7}{\376\377\000G\000r\000a\000p\000h\000-\000R\000e\000g\000u\000l\000a\000r\000i\000z\000e\000d\000\040\000N\000e\000u\000r\000a\000l\000\040\000N\000e\000t\000w\000o\000r\000k}{section.4}% 28
\BOOKMARK [3][]{subsubsection.4.7.1}{\376\377\000N\000e\000u\000r\000a\000l\000\040\000n\000e\000t\000w\000o\000r\000k}{subsection.4.7}% 29
\BOOKMARK [3][]{subsubsection.4.7.2}{\376\377\000A\000r\000c\000h\000i\000t\000e\000c\000t\000u\000r\000e}{subsection.4.7}% 30
\BOOKMARK [3][]{subsubsection.4.7.3}{\376\377\000L\000o\000s\000s\000\040\000f\000u\000n\000c\000t\000i\000o\000n}{subsection.4.7}% 31
\BOOKMARK [2][]{subsection.4.8}{\376\377\000E\000x\000p\000e\000r\000i\000m\000e\000n\000t\000a\000l\000\040\000s\000e\000t\000u\000p}{section.4}% 32
\BOOKMARK [3][]{subsubsection.4.8.1}{\376\377\000E\000n\000c\000l\000o\000s\000u\000r\000e}{subsection.4.8}% 33
\BOOKMARK [3][]{subsubsection.4.8.2}{\376\377\000S\000o\000u\000n\000d\000\040\000s\000o\000u\000r\000c\000e}{subsection.4.8}% 34
\BOOKMARK [3][]{subsubsection.4.8.3}{\376\377\000U\000n\000l\000a\000b\000e\000l\000e\000d\000\040\000a\000u\000d\000i\000o\000\040\000d\000a\000t\000a\000s\000e\000t}{subsection.4.8}% 35
\BOOKMARK [3][]{subsubsection.4.8.4}{\376\377\000M\000i\000c\000r\000o\000p\000h\000o\000n\000e\000\040\000a\000r\000r\000a\000y\000s}{subsection.4.8}% 36
\BOOKMARK [3][]{subsubsection.4.8.5}{\376\377\000A\000c\000o\000u\000s\000t\000i\000c\000\040\000f\000e\000a\000t\000u\000r\000e\000\040\000a\000c\000q\000u\000i\000s\000i\000t\000i\000o\000n}{subsection.4.8}% 37
\BOOKMARK [3][]{subsubsection.4.8.6}{\376\377\000A\000c\000o\000u\000s\000t\000i\000c\000\040\000f\000e\000a\000t\000u\000r\000e\000\040\000s\000e\000l\000e\000c\000t\000i\000o\000n}{subsection.4.8}% 38
\BOOKMARK [3][]{subsubsection.4.8.7}{\376\377\000A\000c\000o\000u\000s\000t\000i\000c\000\040\000f\000e\000a\000t\000u\000r\000e\000\040\000m\000a\000n\000i\000f\000o\000l\000d\000\040\000l\000e\000a\000r\000n\000i\000n\000g}{subsection.4.8}% 39
\BOOKMARK [3][]{subsubsection.4.8.8}{\376\377\000D\000a\000t\000a\000s\000e\000t\000\040\000c\000o\000n\000s\000t\000r\000u\000c\000t\000i\000o\000n}{subsection.4.8}% 40
\BOOKMARK [3][]{subsubsection.4.8.9}{\376\377\000G\000R\000N\000N\000\040\000a\000r\000c\000h\000i\000t\000e\000c\000t\000u\000r\000e}{subsection.4.8}% 41
\BOOKMARK [3][]{subsubsection.4.8.10}{\376\377\000G\000R\000N\000N\000\040\000t\000r\000a\000i\000n\000i\000n\000g}{subsection.4.8}% 42
\BOOKMARK [1][]{section.5}{\376\377\000C\000o\000n\000c\000l\000u\000s\000i\000o\000n\000s}{}% 43
\BOOKMARK [1][]{section.6}{\376\377\000P\000a\000t\000e\000n\000t\000s}{}% 44
\BOOKMARK [1][]{section.A.}{}{}% 45
\BOOKMARK [2][]{subsection.A.1}{}{section.A.}% 46
\BOOKMARK [1][]{section.B.}{}{}% 47
\BOOKMARK [1][]{section.B.}{\376\377\000R\000e\000f\000e\000r\000e\000n\000c\000e\000s}{}% 48
